Single-product inventory system

Initial inventory level                      60 items

Number of demand sizes                        4

Distribution function of demand sizes     0.167   0.500   0.833   1.000

Mean interdemand time                      0.10

Delivery lag range                         0.50 to      1.00 months

Length of the simulation                    120 months

K =  32.0   i =   3.0   h =   1.0   pi =   5.0

Number of policies                            9

                 Average        Average        Average        Average
  Policy       total cost    ordering cost  holding cost   shortage cost

( 20, 40)         123.81          97.01           8.87          17.93

( 20, 60)         118.07          87.85          17.70          12.52

( 20, 80)         121.82          83.93          25.74          12.15

( 20,100)         125.76          81.67          37.17           6.92

( 40, 60)         125.15          97.66          25.41           2.09

( 40, 80)         124.71          87.99          34.40           2.31

( 40,100)         130.90          83.57          46.58           0.74

( 60, 80)         140.80          95.39          45.32           0.08

( 60,100)         142.14          87.97          54.16           0.01